Copyright 1986-2020 Xilinx, Inc. All Rights Reserved.
------------------------------------------------------------------------------------
| Tool Version : Vivado v.2020.1 (win64) Build 2902540 Wed May 27 19:54:49 MDT 2020
| Date         : Thu Aug 26 13:10:34 2021
| Host         : Darkwave running 64-bit major release  (build 9200)
| Command      : upgrade_ip
| Device       : xc7z020clg484-3
------------------------------------------------------------------------------------

Upgrade Log for IP 'wtfhe_arm_BOOTSTRAPPING_ARM_1_0'

1. Summary
----------

SUCCESS in the conversion of wtfhe_arm_BOOTSTRAPPING_ARM_1_0 (xilinx.com:user:BOOTSTRAPPING_ARM:1.0 (Rev. 5)) to Vivado generation flows.






Copyright 1986-2020 Xilinx, Inc. All Rights Reserved.
------------------------------------------------------------------------------------
| Tool Version : Vivado v.2020.1 (win64) Build 2902540 Wed May 27 19:54:49 MDT 2020
| Date         : Thu Aug 26 02:47:35 2021
| Host         : Darkwave running 64-bit major release  (build 9200)
| Command      : upgrade_ip
| Device       : xc7z020clg484-3
------------------------------------------------------------------------------------

Upgrade Log for IP 'wtfhe_arm_BOOTSTRAPPING_ARM_1_0'

1. Summary
----------

SUCCESS in the conversion of wtfhe_arm_BOOTSTRAPPING_ARM_1_0 (xilinx.com:user:BOOTSTRAPPING_ARM:1.0 (Rev. 5)) to Vivado generation flows.






Copyright 1986-2020 Xilinx, Inc. All Rights Reserved.
------------------------------------------------------------------------------------
| Tool Version : Vivado v.2020.1 (win64) Build 2902540 Wed May 27 19:54:49 MDT 2020
| Date         : Thu Aug 26 02:43:46 2021
| Host         : Darkwave running 64-bit major release  (build 9200)
| Command      : upgrade_ip
| Device       : xc7z020clg484-3
------------------------------------------------------------------------------------

Upgrade Log for IP 'wtfhe_arm_BOOTSTRAPPING_ARM_1_0'

1. Summary
----------

SUCCESS in the conversion of wtfhe_arm_BOOTSTRAPPING_ARM_1_0 (xilinx.com:user:BOOTSTRAPPING_ARM:1.0 (Rev. 5)) to Vivado generation flows.






Copyright 1986-2020 Xilinx, Inc. All Rights Reserved.
------------------------------------------------------------------------------------
| Tool Version : Vivado v.2020.1 (win64) Build 2902540 Wed May 27 19:54:49 MDT 2020
| Date         : Thu Aug 26 02:32:20 2021
| Host         : Darkwave running 64-bit major release  (build 9200)
| Command      : upgrade_ip
| Device       : xc7z020clg484-3
------------------------------------------------------------------------------------

Upgrade Log for IP 'wtfhe_arm_BOOTSTRAPPING_ARM_1_0'

1. Summary
----------

SUCCESS in the conversion of wtfhe_arm_BOOTSTRAPPING_ARM_1_0 (xilinx.com:user:BOOTSTRAPPING_ARM:1.0 (Rev. 5)) to Vivado generation flows.






Copyright 1986-2020 Xilinx, Inc. All Rights Reserved.
------------------------------------------------------------------------------------
| Tool Version : Vivado v.2020.1 (win64) Build 2902540 Wed May 27 19:54:49 MDT 2020
| Date         : Wed Aug 18 21:43:21 2021
| Host         : Darkwave running 64-bit major release  (build 9200)
| Command      : upgrade_ip
| Device       : xc7z020clg484-3
------------------------------------------------------------------------------------

Upgrade Log for IP 'wtfhe_arm_BOOTSTRAPPING_ARM_1_0'

1. Summary
----------

SUCCESS in the conversion of wtfhe_arm_BOOTSTRAPPING_ARM_1_0 (xilinx.com:user:BOOTSTRAPPING_ARM:1.0 (Rev. 5)) to Vivado generation flows.






Copyright 1986-2020 Xilinx, Inc. All Rights Reserved.
------------------------------------------------------------------------------------
| Tool Version : Vivado v.2020.1 (win64) Build 2902540 Wed May 27 19:54:49 MDT 2020
| Date         : Wed Aug 18 21:26:09 2021
| Host         : Darkwave running 64-bit major release  (build 9200)
| Command      : upgrade_ip
| Device       : xc7z020clg484-3
------------------------------------------------------------------------------------

Upgrade Log for IP 'wtfhe_arm_BOOTSTRAPPING_ARM_1_0'

1. Summary
----------

SUCCESS in the conversion of wtfhe_arm_BOOTSTRAPPING_ARM_1_0 (xilinx.com:user:BOOTSTRAPPING_ARM:1.0 (Rev. 5)) to Vivado generation flows.






Copyright 1986-2020 Xilinx, Inc. All Rights Reserved.
------------------------------------------------------------------------------------
| Tool Version : Vivado v.2020.1 (win64) Build 2902540 Wed May 27 19:54:49 MDT 2020
| Date         : Wed Aug 18 18:00:34 2021
| Host         : Darkwave running 64-bit major release  (build 9200)
| Command      : upgrade_ip
| Device       : xc7z020clg484-3
------------------------------------------------------------------------------------

Upgrade Log for IP 'wtfhe_arm_BOOTSTRAPPING_ARM_1_0'

1. Summary
----------

SUCCESS in the conversion of wtfhe_arm_BOOTSTRAPPING_ARM_1_0 (xilinx.com:user:BOOTSTRAPPING_ARM:1.0 (Rev. 5)) to Vivado generation flows.






Copyright 1986-2020 Xilinx, Inc. All Rights Reserved.
------------------------------------------------------------------------------------
| Tool Version : Vivado v.2020.1 (win64) Build 2902540 Wed May 27 19:54:49 MDT 2020
| Date         : Wed Aug 18 17:34:16 2021
| Host         : Darkwave running 64-bit major release  (build 9200)
| Command      : upgrade_ip
| Device       : xc7z020clg484-3
------------------------------------------------------------------------------------

Upgrade Log for IP 'wtfhe_arm_BOOTSTRAPPING_ARM_1_0'

1. Summary
----------

SUCCESS in the upgrade of wtfhe_arm_BOOTSTRAPPING_ARM_1_0 (xilinx.com:user:BOOTSTRAPPING_ARM:1.0) from (Rev. 4) to (Rev. 5)






Copyright 1986-2020 Xilinx, Inc. All Rights Reserved.
------------------------------------------------------------------------------------
| Tool Version : Vivado v.2020.1 (win64) Build 2902540 Wed May 27 19:54:49 MDT 2020
| Date         : Wed Aug 18 01:40:38 2021
| Host         : Darkwave running 64-bit major release  (build 9200)
| Command      : upgrade_ip
| Device       : xc7z020clg484-3
------------------------------------------------------------------------------------

Upgrade Log for IP 'wtfhe_arm_BOOTSTRAPPING_ARM_1_0'

1. Summary
----------

SUCCESS in the upgrade of wtfhe_arm_BOOTSTRAPPING_ARM_1_0 (xilinx.com:user:BOOTSTRAPPING_ARM:1.0) from (Rev. 3) to (Rev. 4)






Copyright 1986-2020 Xilinx, Inc. All Rights Reserved.
------------------------------------------------------------------------------------
| Tool Version : Vivado v.2020.1 (win64) Build 2902540 Wed May 27 19:54:49 MDT 2020
| Date         : Tue Aug 17 22:35:27 2021
| Host         : Darkwave running 64-bit major release  (build 9200)
| Command      : upgrade_ip
| Device       : xc7z020clg484-3
------------------------------------------------------------------------------------

Upgrade Log for IP 'wtfhe_arm_BOOTSTRAPPING_ARM_1_0'

1. Summary
----------

CAUTION (success, with warnings) in the upgrade of wtfhe_arm_BOOTSTRAPPING_ARM_1_0 (xilinx.com:user:BOOTSTRAPPING_ARM:1.0) from (Rev. 2) to (Rev. 3)

After upgrade, an IP may have parameter and port differences compared to the original customization. Please review the parameters within the IP customization GUI to ensure proper functionality. Also, please review the updated IP instantiation template to ensure proper connectivity, and update your design if required.

2. Connection Warnings
----------------------

Detected external port differences while upgrading 'wtfhe_arm_BOOTSTRAPPING_ARM_1_0'. These changes may impact your design.


-Upgraded port 'ADDRB' width 32 differs from original width 12

-Upgraded port 'WEB' width 4 differs from original width 1







Copyright 1986-2020 Xilinx, Inc. All Rights Reserved.
------------------------------------------------------------------------------------
| Tool Version : Vivado v.2020.1 (win64) Build 2902540 Wed May 27 19:54:49 MDT 2020
| Date         : Tue Aug 17 21:28:58 2021
| Host         : Darkwave running 64-bit major release  (build 9200)
| Command      : upgrade_ip
| Device       : xc7z020clg484-3
------------------------------------------------------------------------------------

Upgrade Log for IP 'wtfhe_arm_BOOTSTRAPPING_ARM_1_0'

1. Summary
----------

SUCCESS in the conversion of wtfhe_arm_BOOTSTRAPPING_ARM_1_0 (xilinx.com:user:BOOTSTRAPPING_ARM:1.0 (Rev. 2)) to Vivado generation flows.

