#-----------------------------------------------------------
# Vivado v2020.1 (64-bit)
# SW Build 2902540 on Wed May 27 19:54:49 MDT 2020
# IP Build 2902112 on Wed May 27 22:43:36 MDT 2020
# Start of session at: Tue Aug 17 22:45:30 2021
# Process ID: 12848
# Current directory: C:/Users/DarkWave/Desktop/WTFHE/wtfhe-fpga/v1_0_boots_registers/WTFHE
# Command line: vivado.exe -gui_launcher_event rodinguilauncherevent18452 C:\Users\DarkWave\Desktop\WTFHE\wtfhe-fpga\v1_0_boots_registers\WTFHE\WTFHE.xpr
# Log file: C:/Users/DarkWave/Desktop/WTFHE/wtfhe-fpga/v1_0_boots_registers/WTFHE/vivado.log
# Journal file: C:/Users/DarkWave/Desktop/WTFHE/wtfhe-fpga/v1_0_boots_registers/WTFHE\vivado.jou
#-----------------------------------------------------------
start_gui
open_project C:/Users/DarkWave/Desktop/WTFHE/wtfhe-fpga/v1_0_boots_registers/WTFHE/WTFHE.xpr
CRITICAL WARNING: [Project 1-19] Could not find the file 'C:/Users/DarkWave/Desktop/WTFHE/wtfhe-fpga/v1_0_boots_registers/WTFHE/import_ise_summary.txt'.
Scanning sources...
Finished scanning sources
WARNING: [Project 1-509] GeneratedRun file for 'synth_1' not found
WARNING: [Project 1-509] GeneratedRun file for 'impl_1' not found
WARNING: [filemgmt 56-3] IP Output Repository Path: Could not find the directory 'C:/Users/DarkWave/Desktop/WTFHE/wtfhe-fpga/WTFHE/WTFHE.cache/ip'.
WARNING: [filemgmt 56-3] IPUserFilesDir: Could not find the directory 'C:/Users/DarkWave/Desktop/WTFHE/wtfhe-fpga/v1_0_boots_registers/WTFHE/WTFHE.ip_user_files'.
INFO: [IP_Flow 19-234] Refreshing IP repositories
INFO: [IP_Flow 19-1704] No user IP repositories specified
INFO: [IP_Flow 19-2313] Loaded Vivado IP repository 'D:/Applications/Vivado/2020.1/data/ip'.
open_project: Time (s): cpu = 00:00:14 ; elapsed = 00:00:06 . Memory (MB): peak = 1032.574 ; gain = 0.000
exit
INFO: [Common 17-206] Exiting Vivado at Tue Aug 17 22:58:10 2021...
